<?xml version="1.0" encoding="UTF-8"?>
<!-- Generated by org.testng.reporters.JUnitReportReporter -->
<testsuite hostname="LAPTOP-PFRODMD0" failures="0" tests="1" name="co.uk.advinia.testcases.TC001_HomePage" time="42.154" errors="0" timestamp="2021-12-07T16:36:44 IST" skipped="0">
  <testcase classname="co.uk.advinia.testcases.TC001_HomePage" name="tc001" time="42.154"/>
  <system-out/>
</testsuite> <!-- co.uk.advinia.testcases.TC001_HomePage -->
